  [1m[35m (1.0ms)[0m  [1m[35mCREATE TABLE "schema_migrations" ("version" varchar NOT NULL PRIMARY KEY)[0m
  [1m[35m (0.1ms)[0m  [1m[35mCREATE TABLE "ar_internal_metadata" ("key" varchar NOT NULL PRIMARY KEY, "value" varchar, "created_at" datetime(6) NOT NULL, "updated_at" datetime(6) NOT NULL)[0m
  [1m[36mActiveRecord::InternalMetadata Load (0.1ms)[0m  [1m[34mSELECT * FROM "ar_internal_metadata" WHERE "ar_internal_metadata"."key" = ? ORDER BY "ar_internal_metadata"."key" ASC LIMIT 1[0m  [[nil, "environment"]]
  [1m[36mActiveRecord::InternalMetadata Create (0.3ms)[0m  [1m[32mINSERT INTO "ar_internal_metadata" ("key", "value", "created_at", "updated_at") VALUES ('environment', 'development', '2024-09-08 15:15:47.814749', '2024-09-08 15:15:47.814755') RETURNING "key"[0m
  [1m[36mActiveRecord::SchemaMigration Load (0.1ms)[0m  [1m[34mSELECT "schema_migrations"."version" FROM "schema_migrations" ORDER BY "schema_migrations"."version" ASC[0m
Migrating to CreateTodos (20240908151234)
  [1m[36mTRANSACTION (0.1ms)[0m  [1m[36mbegin transaction[0m
  [1m[35m (1.3ms)[0m  [1m[35mCREATE TABLE "todos" ("id" integer PRIMARY KEY AUTOINCREMENT NOT NULL, "title" varchar, "created_by" varchar, "created_at" datetime(6) NOT NULL, "updated_at" datetime(6) NOT NULL)[0m
  [1m[36mActiveRecord::SchemaMigration Create (0.1ms)[0m  [1m[32mINSERT INTO "schema_migrations" ("version") VALUES ('20240908151234') RETURNING "version"[0m
  [1m[36mTRANSACTION (0.1ms)[0m  [1m[36mcommit transaction[0m
Migrating to CreateItems (20240908151423)
  [1m[36mTRANSACTION (0.1ms)[0m  [1m[36mbegin transaction[0m
  [1m[35m (1.4ms)[0m  [1m[35mCREATE TABLE "items" ("id" integer PRIMARY KEY AUTOINCREMENT NOT NULL, "name" varchar, "done" boolean, "todo_id" integer NOT NULL, "created_at" datetime(6) NOT NULL, "updated_at" datetime(6) NOT NULL, CONSTRAINT "fk_rails_c01e6b449d"
FOREIGN KEY ("todo_id")
  REFERENCES "todos" ("id")
)[0m
  [1m[35m (0.1ms)[0m  [1m[35mCREATE INDEX "index_items_on_todo_id" ON "items" ("todo_id")[0m
  [1m[36mActiveRecord::SchemaMigration Create (0.1ms)[0m  [1m[32mINSERT INTO "schema_migrations" ("version") VALUES ('20240908151423') RETURNING "version"[0m
  [1m[36mTRANSACTION (0.2ms)[0m  [1m[36mcommit transaction[0m
  [1m[36mActiveRecord::SchemaMigration Load (0.1ms)[0m  [1m[34mSELECT "schema_migrations"."version" FROM "schema_migrations" ORDER BY "schema_migrations"."version" ASC[0m
Started GET "/todos" for 127.0.0.1 at 2024-09-08 19:35:28 +0300
  [1m[36mActiveRecord::SchemaMigration Load (0.1ms)[0m  [1m[34mSELECT "schema_migrations"."version" FROM "schema_migrations" ORDER BY "schema_migrations"."version" ASC[0m
Processing by TodosController#index as */*
  [1m[36mTodo Load (0.1ms)[0m  [1m[34mSELECT "todos".* FROM "todos"[0m
  ↳ app/controllers/concerns/response.rb:3:in `json_response'
Completed 200 OK in 26ms (Views: 1.1ms | ActiveRecord: 1.4ms | Allocations: 13090)


Started POST "/todos" for 127.0.0.1 at 2024-09-08 19:36:03 +0300
Processing by TodosController#create as HTML
  Parameters: {"title"=>"Mozart", "created_by"=>"1", "todo"=>{"title"=>"Mozart", "created_by"=>"1"}}
[31mUnpermitted parameter: :todo. Context: { controller: TodosController, action: create, request: #<ActionDispatch::Request:0x00007a9e5c04a018>, params: {"title"=>"Mozart", "created_by"=>"1", "controller"=>"todos", "action"=>"create", "todo"=>{"title"=>"Mozart", "created_by"=>"1"}} }[0m
  [1m[36mTRANSACTION (0.0ms)[0m  [1m[36mbegin transaction[0m
  ↳ app/controllers/todos_controller.rb:12:in `create'
  [1m[36mTodo Create (1.2ms)[0m  [1m[32mINSERT INTO "todos" ("title", "created_by", "created_at", "updated_at") VALUES (?, ?, ?, ?) RETURNING "id"[0m  [["title", "Mozart"], ["created_by", "1"], ["created_at", "2024-09-08 16:36:03.899813"], ["updated_at", "2024-09-08 16:36:03.899813"]]
  ↳ app/controllers/todos_controller.rb:12:in `create'
  [1m[36mTRANSACTION (9.3ms)[0m  [1m[36mcommit transaction[0m
  ↳ app/controllers/todos_controller.rb:12:in `create'
Completed 201 Created in 26ms (Views: 0.2ms | ActiveRecord: 11.0ms | Allocations: 8667)


Started PUT "/todos/1" for 127.0.0.1 at 2024-09-08 19:37:26 +0300
Processing by TodosController#update as HTML
  Parameters: {"title"=>"Betoven", "id"=>"1", "todo"=>{"title"=>"Betoven"}}
  [1m[36mTodo Load (0.2ms)[0m  [1m[34mSELECT "todos".* FROM "todos" WHERE "todos"."id" = ? LIMIT ?[0m  [["id", 1], ["LIMIT", 1]]
  ↳ app/controllers/todos_controller.rb:41:in `set_todo'
[31mUnpermitted parameters: :id, :todo. Context: { controller: TodosController, action: update, request: #<ActionDispatch::Request:0x00007a9e57fa0328>, params: {"title"=>"Betoven", "controller"=>"todos", "action"=>"update", "id"=>"1", "todo"=>{"title"=>"Betoven"}} }[0m
  [1m[36mTRANSACTION (0.0ms)[0m  [1m[36mbegin transaction[0m
  ↳ app/controllers/todos_controller.rb:23:in `update'
  [1m[36mTodo Update (1.1ms)[0m  [1m[33mUPDATE "todos" SET "title" = ?, "updated_at" = ? WHERE "todos"."id" = ?[0m  [["title", "Betoven"], ["updated_at", "2024-09-08 16:37:26.492414"], ["id", 1]]
  ↳ app/controllers/todos_controller.rb:23:in `update'
  [1m[36mTRANSACTION (0.1ms)[0m  [1m[36mcommit transaction[0m
  ↳ app/controllers/todos_controller.rb:23:in `update'
Completed 204 No Content in 14ms (ActiveRecord: 1.4ms | Allocations: 4940)


Started PUT "/todos/1" for 127.0.0.1 at 2024-09-08 19:37:38 +0300
Processing by TodosController#update as HTML
  Parameters: {"title"=>"Beethoven", "id"=>"1", "todo"=>{"title"=>"Beethoven"}}
  [1m[36mTodo Load (0.1ms)[0m  [1m[34mSELECT "todos".* FROM "todos" WHERE "todos"."id" = ? LIMIT ?[0m  [["id", 1], ["LIMIT", 1]]
  ↳ app/controllers/todos_controller.rb:41:in `set_todo'
[31mUnpermitted parameters: :id, :todo. Context: { controller: TodosController, action: update, request: #<ActionDispatch::Request:0x00007a9e57f233f0>, params: {"title"=>"Beethoven", "controller"=>"todos", "action"=>"update", "id"=>"1", "todo"=>{"title"=>"Beethoven"}} }[0m
  [1m[36mTRANSACTION (0.1ms)[0m  [1m[36mbegin transaction[0m
  ↳ app/controllers/todos_controller.rb:23:in `update'
  [1m[36mTodo Update (1.3ms)[0m  [1m[33mUPDATE "todos" SET "title" = ?, "updated_at" = ? WHERE "todos"."id" = ?[0m  [["title", "Beethoven"], ["updated_at", "2024-09-08 16:37:38.720234"], ["id", 1]]
  ↳ app/controllers/todos_controller.rb:23:in `update'
  [1m[36mTRANSACTION (0.1ms)[0m  [1m[36mcommit transaction[0m
  ↳ app/controllers/todos_controller.rb:23:in `update'
Completed 204 No Content in 5ms (ActiveRecord: 1.6ms | Allocations: 2129)


Started DELETE "/todos/1" for 127.0.0.1 at 2024-09-08 19:37:56 +0300
Processing by TodosController#destroy as */*
  Parameters: {"id"=>"1"}
  [1m[36mTodo Load (0.1ms)[0m  [1m[34mSELECT "todos".* FROM "todos" WHERE "todos"."id" = ? LIMIT ?[0m  [["id", 1], ["LIMIT", 1]]
  ↳ app/controllers/todos_controller.rb:41:in `set_todo'
  [1m[36mTRANSACTION (0.1ms)[0m  [1m[36mbegin transaction[0m
  ↳ app/controllers/todos_controller.rb:29:in `destroy'
  [1m[36mItem Load (0.1ms)[0m  [1m[34mSELECT "items".* FROM "items" WHERE "items"."todo_id" = ?[0m  [["todo_id", 1]]
  ↳ app/controllers/todos_controller.rb:29:in `destroy'
  [1m[36mTodo Destroy (0.1ms)[0m  [1m[31mDELETE FROM "todos" WHERE "todos"."id" = ?[0m  [["id", 1]]
  ↳ app/controllers/todos_controller.rb:29:in `destroy'
  [1m[36mTRANSACTION (0.1ms)[0m  [1m[36mcommit transaction[0m
  ↳ app/controllers/todos_controller.rb:29:in `destroy'
Completed 204 No Content in 19ms (ActiveRecord: 1.6ms | Allocations: 8004)


Started GET "/todos" for 127.0.0.1 at 2024-09-08 19:38:21 +0300
Processing by TodosController#index as */*
  [1m[36mTodo Load (0.1ms)[0m  [1m[34mSELECT "todos".* FROM "todos"[0m
  ↳ app/controllers/concerns/response.rb:3:in `json_response'
Completed 200 OK in 2ms (Views: 1.8ms | ActiveRecord: 0.1ms | Allocations: 551)


Started GET "/todos" for 127.0.0.1 at 2024-09-08 19:38:27 +0300
Processing by TodosController#index as */*
  [1m[36mTodo Load (0.1ms)[0m  [1m[34mSELECT "todos".* FROM "todos"[0m
  ↳ app/controllers/concerns/response.rb:3:in `json_response'
Completed 200 OK in 1ms (Views: 1.1ms | ActiveRecord: 0.1ms | Allocations: 550)


Started GET "/todos" for 127.0.0.1 at 2024-09-08 21:43:54 +0300
  [1m[36mActiveRecord::SchemaMigration Load (0.1ms)[0m  [1m[34mSELECT "schema_migrations"."version" FROM "schema_migrations" ORDER BY "schema_migrations"."version" ASC[0m
Processing by TodosController#index as */*
  [1m[36mTodo Load (0.3ms)[0m  [1m[34mSELECT "todos".* FROM "todos"[0m
  ↳ app/controllers/concerns/response.rb:3:in `json_response'
Completed 200 OK in 23ms (Views: 1.2ms | ActiveRecord: 1.5ms | Allocations: 10482)


Started GET "/todos2" for 127.0.0.1 at 2024-09-08 21:46:06 +0300
  
ActionController::RoutingError (No route matches [GET] "/todos2"):
  
